#
# There is insufficient memory for the Java Runtime Environment to continue.
# Native memory allocation (mmap) failed to map 266338304 bytes. Error detail: G1 virtual space
# Possible reasons:
#   The system is out of physical RAM or swap space
#   This process is running with CompressedOops enabled, and the Java Heap may be blocking the growth of the native heap
# Possible solutions:
#   Reduce memory load on the system
#   Increase physical memory or swap space
#   Check if swap backing store is full
#   Decrease Java heap size (-Xmx/-Xms)
#   Decrease number of Java threads
#   Decrease Java thread stack sizes (-Xss)
#   Set larger code cache with -XX:ReservedCodeCacheSize=
#   JVM is running with Zero Based Compressed Oops mode in which the Java heap is
#     placed in the first 32GB address space. The Java Heap base address is the
#     maximum limit for the native heap growth. Please use -XX:HeapBaseMinAddress
#     to set the Java Heap base and to place the Java Heap above 32GB virtual address.
# This output file may be truncated or incomplete.
#
#  Out of Memory Error (os_windows.cpp:3898), pid=10456, tid=14700
#
# JRE version:  (21.0.6) (build )
# Java VM: OpenJDK 64-Bit Server VM (21.0.6+-13355223-b631.42, mixed mode, sharing, tiered, compressed oops, compressed class ptrs, g1 gc, windows-amd64)
# No core dump will be written. Minidumps are not enabled by default on client versions of Windows
#

---------------  S U M M A R Y ------------

Command Line: git4idea.http.GitAskPassApp Username for 'https://github.com': 

Host: 11th Gen Intel(R) Core(TM) i5-11400 @ 2.60GHz, 12 cores, 15G,  Windows 10 , 64 bit Build 19041 (10.0.19041.5072)
Time: Wed May 14 11:13:26 2025 RTZ 2 (s 10 , 64 bit Build 19041 (10.0.19041.5072) elapsed time: 0.006069 seconds (0d 0h 0m 0s)

---------------  T H R E A D  ---------------

Current thread (0x000001a40e522e10):  JavaThread "Unknown thread" [_thread_in_vm, id=14700, stack(0x0000005b33100000,0x0000005b33200000) (1024K)]

Stack: [0x0000005b33100000,0x0000005b33200000]
Native frames: (J=compiled Java code, j=interpreted, Vv=VM code, C=native code)
V  [jvm.dll+0x6d05a9]
V  [jvm.dll+0x85ea73]
V  [jvm.dll+0x860fce]
V  [jvm.dll+0x8616b3]
V  [jvm.dll+0x27e6e6]
V  [jvm.dll+0x6ccf45]
V  [jvm.dll+0x6c09fa]
V  [jvm.dll+0x35535b]
V  [jvm.dll+0x35cfb6]
V  [jvm.dll+0x3aef46]
V  [jvm.dll+0x3af218]
V  [jvm.dll+0x327a2c]
V  [jvm.dll+0x32871b]
V  [jvm.dll+0x8264b9]
V  [jvm.dll+0x3bc118]
V  [jvm.dll+0x80f768]
V  [jvm.dll+0x4502ce]
V  [jvm.dll+0x451a31]
C  [jli.dll+0x52ab]
C  [ucrtbase.dll+0x21bb2]
C  [KERNEL32.DLL+0x17374]
C  [ntdll.dll+0x4cc91]


---------------  P R O C E S S  ---------------

Threads class SMR info:
_java_thread_list=0x00007ffe2f6b1848, length=0, elements={
}

Java Threads: ( => current thread )
Total: 0

Other Threads:
  0x000001a410861ca0 WorkerThread "GC Thread#0"                     [id=5548, stack(0x0000005b33200000,0x0000005b33300000) (1024K)]
  0x000001a410872ac0 ConcurrentGCThread "G1 Main Marker"            [id=9220, stack(0x0000005b33300000,0x0000005b33400000) (1024K)]
  0x000001a410873d60 WorkerThread "G1 Conc#0"                       [id=12668, stack(0x0000005b33400000,0x0000005b33500000) (1024K)]

[error occurred during error reporting (printing all threads), id 0xc0000005, EXCEPTION_ACCESS_VIOLATION (0xc0000005) at pc=0x00007ffe2eeaaa67]
VM state: not at safepoint (not fully initialized)

VM Mutex/Monitor currently owned by a thread:  ([mutex/lock_event])
[0x00007ffe2f71e4a0] Heap_lock - owner thread: 0x000001a40e522e10

Heap address: 0x0000000703200000, size: 4046 MB, Compressed Oops mode: Zero based, Oop shift amount: 3

CDS archive(s) mapped at: [0x0000000000000000-0x0000000000000000-0x0000000000000000), size 0, SharedBaseAddress: 0x0000000800000000, ArchiveRelocationMode: 1.
Narrow klass base: 0x0000000000000000, Narrow klass shift: 0, Narrow klass range: 0x0

GC Precious Log:
 CardTable entry size: 512
 Card Set container configuration: InlinePtr #cards 4 size 8 Array Of Cards #cards 16 size 48 Howl #buckets 8 coarsen threshold 3686 Howl Bitmap #cards 512 size 80 coarsen threshold 460 Card regions per heap region 1 cards per card region 4096

Heap:
 garbage-first heap   total 0K, used 0K [0x0000000703200000, 0x0000000800000000)
  region size 2048K, 0 young (0K), 0 survivors (0K)
 Metaspace       used 0K, committed 0K, reserved 0K
  class space    used 0K, committed 0K, reserved 0K

Heap Regions: E=young(eden), S=young(survivor), O=old, HS=humongous(starts), HC=humongous(continues), CS=collection set, F=free, TAMS=top-at-mark-start, PB=parsable bottom

Card table byte_map: [0x000001a4236a0000,0x000001a423e90000] _byte_map_base: 0x000001a41fe87000

Marking Bits: (CMBitMap*) 0x000001a4108623a0
 Bits: [0x000001a423e90000, 0x000001a427dc8000)

GC Heap History (0 events):
No events

Dll operation events (1 events):
Event: 0.004 Loaded shared library C:\Program Files\Android\Android Studio\jbr\bin\java.dll

Deoptimization events (0 events):
No events

Classes loaded (0 events):
No events

Classes unloaded (0 events):
No events

Classes redefined (0 events):
No events

Internal exceptions (0 events):
No events

ZGC Phase Switch (0 events):
No events

VM Operations (0 events):
No events

Memory protections (0 events):
No events

Nmethod flushes (0 events):
No events

Events (0 events):
No events


Dynamic libraries:
0x00007ff785360000 - 0x00007ff78536a000 	C:\Program Files\Android\Android Studio\jbr\bin\java.exe
0x00007ffe6f8b0000 - 0x00007ffe6faa8000 	C:\Windows\SYSTEM32\ntdll.dll
0x00007ffe6f710000 - 0x00007ffe6f7d2000 	C:\Windows\System32\KERNEL32.DLL
0x00007ffe6d3f0000 - 0x00007ffe6d6ee000 	C:\Windows\System32\KERNELBASE.dll
0x00007ffe6d1f0000 - 0x00007ffe6d2f0000 	C:\Windows\System32\ucrtbase.dll
0x00007ffe07390000 - 0x00007ffe073a8000 	C:\Program Files\Android\Android Studio\jbr\bin\jli.dll
0x00007ffe5d1a0000 - 0x00007ffe5d1bb000 	C:\Program Files\Android\Android Studio\jbr\bin\VCRUNTIME140.dll
0x00007ffe6e210000 - 0x00007ffe6e3ad000 	C:\Windows\System32\USER32.dll
0x00007ffe6d1c0000 - 0x00007ffe6d1e2000 	C:\Windows\System32\win32u.dll
0x00007ffe5ce90000 - 0x00007ffe5d12a000 	C:\Windows\WinSxS\amd64_microsoft.windows.common-controls_6595b64144ccf1df_6.0.19041.4355_none_60b8b9eb71f62e16\COMCTL32.dll
0x00007ffe6f6b0000 - 0x00007ffe6f6db000 	C:\Windows\System32\GDI32.dll
0x00007ffe6df80000 - 0x00007ffe6e01e000 	C:\Windows\System32\msvcrt.dll
0x00007ffe6cf20000 - 0x00007ffe6d037000 	C:\Windows\System32\gdi32full.dll
0x00007ffe6d040000 - 0x00007ffe6d0dd000 	C:\Windows\System32\msvcp_win.dll
0x00007ffe6f6e0000 - 0x00007ffe6f70f000 	C:\Windows\System32\IMM32.DLL
0x00007ffe69cd0000 - 0x00007ffe69cdc000 	C:\Program Files\Android\Android Studio\jbr\bin\vcruntime140_1.dll
0x00007ffe07300000 - 0x00007ffe0738d000 	C:\Program Files\Android\Android Studio\jbr\bin\msvcp140.dll
0x00007ffe2eb70000 - 0x00007ffe2f7fb000 	C:\Program Files\Android\Android Studio\jbr\bin\server\jvm.dll
0x00007ffe6ec20000 - 0x00007ffe6ecd1000 	C:\Windows\System32\ADVAPI32.dll
0x00007ffe6e020000 - 0x00007ffe6e0bf000 	C:\Windows\System32\sechost.dll
0x00007ffe6e0e0000 - 0x00007ffe6e203000 	C:\Windows\System32\RPCRT4.dll
0x00007ffe6d0e0000 - 0x00007ffe6d107000 	C:\Windows\System32\bcrypt.dll
0x00007ffe6deb0000 - 0x00007ffe6df1b000 	C:\Windows\System32\WS2_32.dll
0x00007ffe6c4a0000 - 0x00007ffe6c4eb000 	C:\Windows\SYSTEM32\POWRPROF.dll
0x00007ffe684a0000 - 0x00007ffe684aa000 	C:\Windows\SYSTEM32\VERSION.dll
0x00007ffe62470000 - 0x00007ffe62497000 	C:\Windows\SYSTEM32\WINMM.dll
0x00007ffe6c320000 - 0x00007ffe6c332000 	C:\Windows\SYSTEM32\UMPDC.dll
0x00007ffe6abe0000 - 0x00007ffe6abf2000 	C:\Windows\SYSTEM32\kernel.appcore.dll
0x00007ffe684e0000 - 0x00007ffe684ea000 	C:\Program Files\Android\Android Studio\jbr\bin\jimage.dll
0x00007ffe5d1e0000 - 0x00007ffe5d3c4000 	C:\Windows\SYSTEM32\DBGHELP.DLL
0x00007ffe41a60000 - 0x00007ffe41a94000 	C:\Windows\SYSTEM32\dbgcore.DLL
0x00007ffe6d2f0000 - 0x00007ffe6d372000 	C:\Windows\System32\bcryptPrimitives.dll
0x00007ffe5d150000 - 0x00007ffe5d170000 	C:\Program Files\Android\Android Studio\jbr\bin\java.dll

dbghelp: loaded successfully - version: 4.0.5 - missing functions: none
symbol engine: initialized successfully - sym options: 0x614 - pdb path: .;C:\Program Files\Android\Android Studio\jbr\bin;C:\Windows\SYSTEM32;C:\Windows\WinSxS\amd64_microsoft.windows.common-controls_6595b64144ccf1df_6.0.19041.4355_none_60b8b9eb71f62e16;C:\Program Files\Android\Android Studio\jbr\bin\server

VM Arguments:
java_command: git4idea.http.GitAskPassApp Username for 'https://github.com': 
java_class_path (initial): C:/Program Files/Android/Android Studio/plugins/vcs-git/lib/git4idea-rt.jar;C:/Program Files/Android/Android Studio/lib/externalProcess-rt.jar
Launcher Type: SUN_STANDARD

[Global flags]
     intx CICompilerCount                          = 4                                         {product} {ergonomic}
     uint ConcGCThreads                            = 3                                         {product} {ergonomic}
     uint G1ConcRefinementThreads                  = 10                                        {product} {ergonomic}
   size_t G1HeapRegionSize                         = 2097152                                   {product} {ergonomic}
    uintx GCDrainStackTargetSize                   = 64                                        {product} {ergonomic}
   size_t InitialHeapSize                          = 266338304                                 {product} {ergonomic}
   size_t MarkStackSize                            = 4194304                                   {product} {ergonomic}
   size_t MaxHeapSize                              = 4242538496                                {product} {ergonomic}
   size_t MinHeapDeltaBytes                        = 2097152                                   {product} {ergonomic}
   size_t MinHeapSize                              = 8388608                                   {product} {ergonomic}
    uintx NonNMethodCodeHeapSize                   = 5839372                                {pd product} {ergonomic}
    uintx NonProfiledCodeHeapSize                  = 122909434                              {pd product} {ergonomic}
    uintx ProfiledCodeHeapSize                     = 122909434                              {pd product} {ergonomic}
    uintx ReservedCodeCacheSize                    = 251658240                              {pd product} {ergonomic}
     bool SegmentedCodeCache                       = true                                      {product} {ergonomic}
   size_t SoftMaxHeapSize                          = 4242538496                             {manageable} {ergonomic}
     bool UseCompressedOops                        = true                           {product lp64_product} {ergonomic}
     bool UseG1GC                                  = true                                      {product} {ergonomic}
     bool UseLargePagesIndividualAllocation        = false                                  {pd product} {ergonomic}

Logging:
Log output configuration:
 #0: stdout all=warning uptime,level,tags foldmultilines=false
 #1: stderr all=off uptime,level,tags foldmultilines=false

Environment Variables:
PATH=C:\Program Files\Git\mingw64\libexec\git-core;C:\Program Files\Git\mingw64\libexec\git-core;C:\Program Files\Git\mingw64\bin;C:\Program Files\Git\usr\bin;C:\Users\st22013428\bin;C:\Program Files (x86)\Common Files\Oracle\Java\java8path;C:\Program Files (x86)\Common Files\Oracle\Java\javapath;C:\Windows\system32;C:\Windows;C:\Windows\System32\Wbem;C:\Windows\System32\WindowsPowerShell\v1.0;C:\Windows\System32\OpenSSH;C:\Program Files\dotnet;C:\Program Files (x86)\Windows Kits\10\Windows Performance Toolkit;C:\Program Files\Microsoft VS Code\bin;C:\Program Files\Microsoft SQL Server\110\Tools\Binn;C:\Program Files (x86)\Microsoft SQL Server\110\Tools\Binn;C:\Program Files\Microsoft SQL Server\110\DTS\Binn;C:\Program Files (x86)\Microsoft SQL Server\110\Tools\Binn\ManagementStudio;C:\Program Files (x86)\Microsoft Visual Studio 10.0\Common7\IDE\PrivateAssemblies;C:\Program Files (x86)\Microsoft SQL Server\110\DTS\Binn;C:\Program Files\Git\cmd;C:\Users\st22013428\AppData\Local\Microsoft\WindowsApps
USERNAME=st22013428
DISPLAY=:0.0
LC_ALL=en_US.UTF-8
TERM=xterm-256color
TMPDIR=C:\Users\st22013428\AppData\Local\Temp
OS=Windows_NT
PROCESSOR_IDENTIFIER=Intel64 Family 6 Model 167 Stepping 1, GenuineIntel
TMP=C:\Users\st22013428\AppData\Local\Temp
TEMP=C:\Users\st22013428\AppData\Local\Temp




Periodic native trim disabled

JNI global refs:
JNI global refs: 0, weak refs: 0

JNI global refs memory usage: 0, weak refs: 0

Process memory usage:
Resident Set Size: 10892K (0% of 16569636K total physical memory with 520352K free physical memory)

OOME stack traces (most recent first):
Classloader memory used:

---------------  S Y S T E M  ---------------

OS:
 Windows 10 , 64 bit Build 19041 (10.0.19041.5072)
OS uptime: 0 days 3:41 hours

CPU: total 12 (initial active 12) (6 cores per cpu, 2 threads per core) family 6 model 167 stepping 1 microcode 0x40, cx8, cmov, fxsr, ht, mmx, 3dnowpref, sse, sse2, sse3, ssse3, sse4.1, sse4.2, popcnt, lzcnt, tsc, tscinvbit, avx, avx2, aes, erms, clmul, bmi1, bmi2, adx, avx512f, avx512dq, avx512cd, avx512bw, avx512vl, sha, fma, vzeroupper, avx512_vpopcntdq, avx512_vpclmulqdq, avx512_vaes, avx512_vnni, clflush, clflushopt, avx512_vbmi2, avx512_vbmi, rdtscp, rdpid, fsrm, gfni, avx512_bitalg, f16c, pku, avx512_ifma
Processor Information for the first 12 processors :
  Max Mhz: 2592, Current Mhz: 2592, Mhz Limit: 2592

Memory: 4k page, system-wide physical 16181M (508M free)
TotalPageFile size 18229M (AvailPageFile size 113M)
current process WorkingSet (physical memory assigned to process): 10M, peak: 10M
current process commit charge ("private bytes"): 64M, peak: 318M

vm_info: OpenJDK 64-Bit Server VM (21.0.6+-13355223-b631.42) for windows-amd64 JRE (21.0.6+-13355223-b631.42), built on 2025-04-14T18:21:23Z by "builder" with MS VC++ 16.10 / 16.11 (VS2019)

END.
